==61493== Memcheck, a memory error detector
==61493== Copyright (C) 2002-2017, and GNU GPL'd, by Julian Seward et al.
==61493== Using Valgrind-3.13.0 and LibVEX; rerun with -h for copyright info
==61493== Command: ./test-lls
==61493== Parent PID: 61492
==61493== 
==61493== 
==61493== Process terminating with default action of signal 6 (SIGABRT)
==61493==    at 0x541BF47: raise (raise.c:51)
==61493==    by 0x541D8B0: abort (abort.c:79)
==61493==    by 0x540D429: __assert_fail_base (assert.c:92)
==61493==    by 0x540D4A1: __assert_fail (assert.c:101)
==61493==    by 0x108FBF: Tester::testAddFront() (in /home/xg73/ece551/092_lls/test-lls)
==61493==    by 0x108D28: main (in /home/xg73/ece551/092_lls/test-lls)
==61493== 
==61493== HEAP SUMMARY:
==61493==     in use at exit: 2,400 bytes in 100 blocks
==61493==   total heap usage: 103 allocs, 3 frees, 75,294 bytes allocated
==61493== 
==61493== LEAK SUMMARY:
==61493==    definitely lost: 0 bytes in 0 blocks
==61493==    indirectly lost: 0 bytes in 0 blocks
==61493==      possibly lost: 0 bytes in 0 blocks
==61493==    still reachable: 2,400 bytes in 100 blocks
==61493==         suppressed: 0 bytes in 0 blocks
==61493== Reachable blocks (those to which a pointer was found) are not shown.
==61493== To see them, rerun with: --leak-check=full --show-leak-kinds=all
==61493== 
==61493== For counts of detected and suppressed errors, rerun with: -v
==61493== ERROR SUMMARY: 0 errors from 0 contexts (suppressed: 0 from 0)
